sample-app/build/intermediates/manifest_merge_blame_file/release/manifest-merger-blame-release-report.txt
1<?xml version="1.0" encoding="utf-8"?>
2<manifest xmlns:android="http://schemas.android.com/apk/res/android"
3    package="com.adobe.marketing.mobile.contentanalytics.sample"
4    android:versionCode="1"
5    android:versionName="1.0.0" >
6
7    <uses-sdk
8        android:minSdkVersion="21"
9        android:targetSdkVersion="34" />
10
11    <uses-permission android:name="android.permission.INTERNET" />
11-->src/main/AndroidManifest.xml:4:5-67
11-->src/main/AndroidManifest.xml:4:22-64
12    <uses-permission android:name="android.permission.ACCESS_NETWORK_STATE" />
12-->[com.adobe.marketing.mobile:core:3.5.0] AndroidManifest.xml:18:5-79
12-->[com.adobe.marketing.mobile:core:3.5.0] AndroidManifest.xml:18:22-76
13
14    <permission
14-->[androidx.core:core:1.10.0] AndroidManifest.xml:22:5-24:47
15        android:name="com.adobe.marketing.mobile.contentanalytics.sample.DYNAMIC_RECEIVER_NOT_EXPORTED_PERMISSION"
15-->[androidx.core:core:1.10.0] AndroidManifest.xml:23:9-81
16        android:protectionLevel="signature" />
16-->[androidx.core:core:1.10.0] AndroidManifest.xml:24:9-44
17
18    <uses-permission android:name="com.adobe.marketing.mobile.contentanalytics.sample.DYNAMIC_RECEIVER_NOT_EXPORTED_PERMISSION" />
18-->[androidx.core:core:1.10.0] AndroidManifest.xml:26:5-97
18-->[androidx.core:core:1.10.0] AndroidManifest.xml:26:22-94
19
20    <application
20-->src/main/AndroidManifest.xml:6:5-30:19
21        android:name="com.adobe.marketing.mobile.contentanalytics.sample.SampleApplication"
21-->src/main/AndroidManifest.xml:7:9-42
22        android:allowBackup="true"
22-->src/main/AndroidManifest.xml:8:9-35
23        android:appComponentFactory="androidx.core.app.CoreComponentFactory"
23-->[androidx.core:core:1.10.0] AndroidManifest.xml:28:18-86
24        android:extractNativeLibs="true"
25        android:label="Content Analytics Sample"
25-->src/main/AndroidManifest.xml:9:9-49
26        android:theme="@android:style/Theme.Material.Light" >
26-->src/main/AndroidManifest.xml:10:9-60
27        <activity
27-->src/main/AndroidManifest.xml:12:9-29:20
28            android:name="com.adobe.marketing.mobile.contentanalytics.sample.MainActivity"
28-->src/main/AndroidManifest.xml:13:13-41
29            android:exported="true"
29-->src/main/AndroidManifest.xml:14:13-36
30            android:launchMode="singleTop"
30-->src/main/AndroidManifest.xml:16:13-43
31            android:theme="@style/Theme.AppCompat.Light" >
31-->src/main/AndroidManifest.xml:15:13-57
32            <intent-filter>
32-->src/main/AndroidManifest.xml:17:13-20:29
33                <action android:name="android.intent.action.MAIN" />
33-->src/main/AndroidManifest.xml:18:17-69
33-->src/main/AndroidManifest.xml:18:25-66
34
35                <category android:name="android.intent.category.LAUNCHER" />
35-->src/main/AndroidManifest.xml:19:17-77
35-->src/main/AndroidManifest.xml:19:27-74
36            </intent-filter>
37
38            <!-- Assurance Deep Link Support -->
39            <intent-filter>
39-->src/main/AndroidManifest.xml:23:13-28:29
40                <action android:name="android.intent.action.VIEW" />
40-->src/main/AndroidManifest.xml:24:17-69
40-->src/main/AndroidManifest.xml:24:25-66
41
42                <category android:name="android.intent.category.DEFAULT" />
42-->src/main/AndroidManifest.xml:25:17-76
42-->src/main/AndroidManifest.xml:25:27-73
43                <category android:name="android.intent.category.BROWSABLE" />
43-->src/main/AndroidManifest.xml:26:17-78
43-->src/main/AndroidManifest.xml:26:27-75
44
45                <data android:scheme="aep" />
45-->src/main/AndroidManifest.xml:27:17-46
45-->src/main/AndroidManifest.xml:27:23-43
46            </intent-filter>
47        </activity>
48        <!-- Extension Discovery Service for MobileCore.initialize() auto-registration -->
49        <service
49-->[:contentanalytics] AndroidManifest.xml:23:9-29:19
50            android:name="com.adobe.marketing.mobile.ExtensionDiscoveryService"
50-->[:contentanalytics] AndroidManifest.xml:24:13-80
51            android:exported="false" >
51-->[:contentanalytics] AndroidManifest.xml:25:13-37
52            <meta-data
52-->[:contentanalytics] AndroidManifest.xml:26:13-28:45
53                android:name="com.adobe.marketing.mobile.contentanalytics.ContentAnalyticsExtension"
53-->[:contentanalytics] AndroidManifest.xml:27:17-101
54                android:value="Extension" />
54-->[:contentanalytics] AndroidManifest.xml:28:17-42
55            <meta-data
55-->[com.adobe.marketing.mobile:edge:3.0.2] AndroidManifest.xml:22:13-24:45
56                android:name="com.adobe.marketing.mobile.EdgeExtension"
56-->[com.adobe.marketing.mobile:edge:3.0.2] AndroidManifest.xml:23:17-72
57                android:value="Extension" />
57-->[com.adobe.marketing.mobile:edge:3.0.2] AndroidManifest.xml:24:17-42
58            <meta-data
58-->[com.adobe.marketing.mobile:assurance:3.0.7] AndroidManifest.xml:27:13-29:45
59                android:name="com.adobe.marketing.mobile.assurance.internal.AssuranceExtension"
59-->[com.adobe.marketing.mobile:assurance:3.0.7] AndroidManifest.xml:28:17-96
60                android:value="Extension" />
60-->[com.adobe.marketing.mobile:assurance:3.0.7] AndroidManifest.xml:29:17-42
61            <meta-data
61-->[com.adobe.marketing.mobile:edgeidentity:3.0.1] AndroidManifest.xml:22:13-24:45
62                android:name="com.adobe.marketing.mobile.edge.identity.IdentityExtension"
62-->[com.adobe.marketing.mobile:edgeidentity:3.0.1] AndroidManifest.xml:23:17-90
63                android:value="Extension" />
63-->[com.adobe.marketing.mobile:edgeidentity:3.0.1] AndroidManifest.xml:24:17-42
64            <meta-data
64-->[com.adobe.marketing.mobile:core:3.5.0] AndroidManifest.xml:25:13-27:45
65                android:name="com.adobe.marketing.mobile.internal.configuration.ConfigurationExtension"
65-->[com.adobe.marketing.mobile:core:3.5.0] AndroidManifest.xml:26:17-104
66                android:value="Extension" />
66-->[com.adobe.marketing.mobile:core:3.5.0] AndroidManifest.xml:27:17-42
67        </service>
68
69        <activity
69-->[com.adobe.marketing.mobile:assurance:3.0.7] AndroidManifest.xml:19:9-22:60
70            android:name="com.adobe.marketing.mobile.assurance.internal.ui.AssuranceActivity"
70-->[com.adobe.marketing.mobile:assurance:3.0.7] AndroidManifest.xml:20:13-94
71            android:exported="false"
71-->[com.adobe.marketing.mobile:assurance:3.0.7] AndroidManifest.xml:21:13-37
72            android:theme="@style/AssuranceAppThemeDark" />
72-->[com.adobe.marketing.mobile:assurance:3.0.7] AndroidManifest.xml:22:13-57
73
74        <provider
74-->[androidx.emoji2:emoji2:1.4.0] AndroidManifest.xml:24:9-32:20
75            android:name="androidx.startup.InitializationProvider"
75-->[androidx.emoji2:emoji2:1.4.0] AndroidManifest.xml:25:13-67
76            android:authorities="com.adobe.marketing.mobile.contentanalytics.sample.androidx-startup"
76-->[androidx.emoji2:emoji2:1.4.0] AndroidManifest.xml:26:13-68
77            android:exported="false" >
77-->[androidx.emoji2:emoji2:1.4.0] AndroidManifest.xml:27:13-37
78            <meta-data
78-->[androidx.emoji2:emoji2:1.4.0] AndroidManifest.xml:29:13-31:52
79                android:name="androidx.emoji2.text.EmojiCompatInitializer"
79-->[androidx.emoji2:emoji2:1.4.0] AndroidManifest.xml:30:17-75
80                android:value="androidx.startup" />
80-->[androidx.emoji2:emoji2:1.4.0] AndroidManifest.xml:31:17-49
81            <meta-data
81-->[androidx.lifecycle:lifecycle-process:2.6.2] AndroidManifest.xml:29:13-31:52
82                android:name="androidx.lifecycle.ProcessLifecycleInitializer"
82-->[androidx.lifecycle:lifecycle-process:2.6.2] AndroidManifest.xml:30:17-78
83                android:value="androidx.startup" />
83-->[androidx.lifecycle:lifecycle-process:2.6.2] AndroidManifest.xml:31:17-49
84            <meta-data
84-->[androidx.profileinstaller:profileinstaller:1.3.0] AndroidManifest.xml:29:13-31:52
85                android:name="androidx.profileinstaller.ProfileInstallerInitializer"
85-->[androidx.profileinstaller:profileinstaller:1.3.0] AndroidManifest.xml:30:17-85
86                android:value="androidx.startup" />
86-->[androidx.profileinstaller:profileinstaller:1.3.0] AndroidManifest.xml:31:17-49
87        </provider>
88
89        <receiver
89-->[androidx.profileinstaller:profileinstaller:1.3.0] AndroidManifest.xml:34:9-52:20
90            android:name="androidx.profileinstaller.ProfileInstallReceiver"
90-->[androidx.profileinstaller:profileinstaller:1.3.0] AndroidManifest.xml:35:13-76
91            android:directBootAware="false"
91-->[androidx.profileinstaller:profileinstaller:1.3.0] AndroidManifest.xml:36:13-44
92            android:enabled="true"
92-->[androidx.profileinstaller:profileinstaller:1.3.0] AndroidManifest.xml:37:13-35
93            android:exported="true"
93-->[androidx.profileinstaller:profileinstaller:1.3.0] AndroidManifest.xml:38:13-36
94            android:permission="android.permission.DUMP" >
94-->[androidx.profileinstaller:profileinstaller:1.3.0] AndroidManifest.xml:39:13-57
95            <intent-filter>
95-->[androidx.profileinstaller:profileinstaller:1.3.0] AndroidManifest.xml:40:13-42:29
96                <action android:name="androidx.profileinstaller.action.INSTALL_PROFILE" />
96-->[androidx.profileinstaller:profileinstaller:1.3.0] AndroidManifest.xml:41:17-91
96-->[androidx.profileinstaller:profileinstaller:1.3.0] AndroidManifest.xml:41:25-88
97            </intent-filter>
98            <intent-filter>
98-->[androidx.profileinstaller:profileinstaller:1.3.0] AndroidManifest.xml:43:13-45:29
99                <action android:name="androidx.profileinstaller.action.SKIP_FILE" />
99-->[androidx.profileinstaller:profileinstaller:1.3.0] AndroidManifest.xml:44:17-85
99-->[androidx.profileinstaller:profileinstaller:1.3.0] AndroidManifest.xml:44:25-82
100            </intent-filter>
101            <intent-filter>
101-->[androidx.profileinstaller:profileinstaller:1.3.0] AndroidManifest.xml:46:13-48:29
102                <action android:name="androidx.profileinstaller.action.SAVE_PROFILE" />
102-->[androidx.profileinstaller:profileinstaller:1.3.0] AndroidManifest.xml:47:17-88
102-->[androidx.profileinstaller:profileinstaller:1.3.0] AndroidManifest.xml:47:25-85
103            </intent-filter>
104            <intent-filter>
104-->[androidx.profileinstaller:profileinstaller:1.3.0] AndroidManifest.xml:49:13-51:29
105                <action android:name="androidx.profileinstaller.action.BENCHMARK_OPERATION" />
105-->[androidx.profileinstaller:profileinstaller:1.3.0] AndroidManifest.xml:50:17-95
105-->[androidx.profileinstaller:profileinstaller:1.3.0] AndroidManifest.xml:50:25-92
106            </intent-filter>
107        </receiver>
108    </application>
109
110</manifest>